<?xml version="1.0" encoding="UTF-8"?>
<!-- Generated by org.testng.reporters.JUnitReportReporter -->
<testsuite hostname="DESKTOP-QRQ79PJ" failures="0" tests="10" name="com.fintech.tests.TransferTests" time="1381.332" errors="2" timestamp="2025-10-27T11:04:11 IST" skipped="8">
  <testcase classname="com.fintech.tests.TransferTests" name="validateFundsTransfer" time="35.484">
    <skipped/>
  </testcase> <!-- validateFundsTransfer -->
  <testcase classname="com.fintech.tests.TransferTests" name="validateSimpleTransferSuccess" time="23.282">
    <skipped/>
  </testcase> <!-- validateSimpleTransferSuccess -->
  <testcase classname="com.fintech.tests.TransferTests" name="validateFundsTransfer" time="77.178">
    <skipped/>
  </testcase> <!-- validateFundsTransfer -->
  <testcase classname="com.fintech.tests.TransferTests" name="validateFundsTransfer" time="433.118">
    <skipped/>
  </testcase> <!-- validateFundsTransfer -->
  <testcase classname="com.fintech.tests.TransferTests" name="setupAccountsOnce" time="18.951">
    <error message="Cannot invoke &quot;org.openqa.selenium.WebDriver.navigate()&quot; because &quot;this.driver&quot; is null" type="java.lang.NullPointerException">
      <![CDATA[java.lang.NullPointerException: Cannot invoke "org.openqa.selenium.WebDriver.navigate()" because "this.driver" is null
at com.fintech.tests.BaseTest.loginAsJohn(BaseTest.java:139)
at com.fintech.tests.TransferTests.setupAccountsOnce(TransferTests.java:26)
at java.base/jdk.internal.reflect.DirectMethodHandleAccessor.invoke(DirectMethodHandleAccessor.java:103)
at java.base/java.lang.reflect.Method.invoke(Method.java:580)
at org.testng.internal.invokers.MethodInvocationHelper.invokeMethod(MethodInvocationHelper.java:141)
at org.testng.internal.invokers.MethodInvocationHelper.invokeMethodConsideringTimeout(MethodInvocationHelper.java:71)
at org.testng.internal.invokers.ConfigInvoker.invokeConfigurationMethod(ConfigInvoker.java:400)
at org.testng.internal.invokers.ConfigInvoker.invokeConfigurations(ConfigInvoker.java:333)
at org.testng.internal.invokers.TestMethodWorker.invokeBeforeClassMethods(TestMethodWorker.java:188)
at org.testng.internal.invokers.TestMethodWorker.run(TestMethodWorker.java:128)
at java.base/java.util.concurrent.Executors$RunnableAdapter.call(Executors.java:572)
at java.base/java.util.concurrent.FutureTask.run(FutureTask.java:317)
at org.testng.internal.thread.graph.TestNGFutureTask.run(TestNGFutureTask.java:22)
at java.base/java.util.concurrent.ThreadPoolExecutor.runWorker(ThreadPoolExecutor.java:1144)
at java.base/java.util.concurrent.ThreadPoolExecutor$Worker.run(ThreadPoolExecutor.java:642)
at java.base/java.lang.Thread.run(Thread.java:1583)
]]>
    </error>
  </testcase> <!-- setupAccountsOnce -->
  <testcase classname="com.fintech.tests.TransferTests" name="validateFundsTransfer" time="317.441">
    <skipped/>
  </testcase> <!-- validateFundsTransfer -->
  <testcase classname="com.fintech.tests.TransferTests" name="validateFundsTransfer" time="120.033">
    <skipped/>
  </testcase> <!-- validateFundsTransfer -->
  <testcase classname="com.fintech.tests.TransferTests" name="setupAccountsOnce" time="355.845">
    <error message="Cannot invoke &quot;org.openqa.selenium.WebDriver.navigate()&quot; because &quot;this.driver&quot; is null" type="java.lang.NullPointerException">
      <![CDATA[java.lang.NullPointerException: Cannot invoke "org.openqa.selenium.WebDriver.navigate()" because "this.driver" is null
at com.fintech.tests.BaseTest.loginAsJohn(BaseTest.java:139)
at com.fintech.tests.TransferTests.setupAccountsOnce(TransferTests.java:26)
at java.base/jdk.internal.reflect.DirectMethodHandleAccessor.invoke(DirectMethodHandleAccessor.java:103)
at java.base/java.lang.reflect.Method.invoke(Method.java:580)
at org.testng.internal.invokers.MethodInvocationHelper.invokeMethod(MethodInvocationHelper.java:141)
at org.testng.internal.invokers.MethodInvocationHelper.invokeMethodConsideringTimeout(MethodInvocationHelper.java:71)
at org.testng.internal.invokers.ConfigInvoker.invokeConfigurationMethod(ConfigInvoker.java:400)
at org.testng.internal.invokers.ConfigInvoker.invokeConfigurations(ConfigInvoker.java:333)
at org.testng.internal.invokers.TestMethodWorker.invokeBeforeClassMethods(TestMethodWorker.java:188)
at org.testng.internal.invokers.TestMethodWorker.run(TestMethodWorker.java:128)
at java.base/java.util.concurrent.Executors$RunnableAdapter.call(Executors.java:572)
at java.base/java.util.concurrent.FutureTask.run(FutureTask.java:317)
at org.testng.internal.thread.graph.TestNGFutureTask.run(TestNGFutureTask.java:22)
at java.base/java.util.concurrent.ThreadPoolExecutor.runWorker(ThreadPoolExecutor.java:1144)
at java.base/java.util.concurrent.ThreadPoolExecutor$Worker.run(ThreadPoolExecutor.java:642)
at java.base/java.lang.Thread.run(Thread.java:1583)
]]>
    </error>
  </testcase> <!-- setupAccountsOnce -->
  <testcase classname="com.fintech.tests.TransferTests" name="validateFundsTransfer" time="0.000">
    <skipped/>
  </testcase> <!-- validateFundsTransfer -->
  <testcase classname="com.fintech.tests.TransferTests" name="validateSimpleTransferSuccess" time="0.000">
    <skipped/>
  </testcase> <!-- validateSimpleTransferSuccess -->
</testsuite> <!-- com.fintech.tests.TransferTests -->
