<?xml version="1.0" encoding="UTF-8"?>
<!-- Generated by org.testng.reporters.JUnitReportReporter -->
<testsuite hostname="DESKTOP-QRQ79PJ" failures="0" tests="8" name="com.fintech.tests.ContactTests" time="376.714" errors="0" timestamp="2025-10-28T01:37:56 IST" skipped="0">
  <testcase classname="com.fintech.tests.ContactTests" name="submitContactForm" time="25.665"/>
  <testcase classname="com.fintech.tests.ContactTests" name="verifyContactSuccessMessage" time="63.902"/>
  <testcase classname="com.fintech.tests.ContactTests" name="submitContactForm" time="24.151"/>
  <testcase classname="com.fintech.tests.ContactTests" name="openContactForm" time="71.680"/>
  <testcase classname="com.fintech.tests.ContactTests" name="submitContactForm" time="49.548"/>
  <testcase classname="com.fintech.tests.ContactTests" name="verifyContactSuccessMessage" time="38.719"/>
  <testcase classname="com.fintech.tests.ContactTests" name="openContactForm" time="38.241"/>
  <testcase classname="com.fintech.tests.ContactTests" name="submitContactForm" time="64.808"/>
</testsuite> <!-- com.fintech.tests.ContactTests -->
