<?xml version="1.0" encoding="UTF-8"?>
<!-- Generated by org.testng.reporters.JUnitReportReporter -->
<testsuite hostname="DESKTOP-QRQ79PJ" failures="0" tests="16" name="com.fintech.tests.LoginTests" time="3235.151" errors="1" timestamp="2025-10-27T11:04:13 IST" skipped="0">
  <testcase classname="com.fintech.tests.LoginTests" name="passwordMasking" time="16.814"/>
  <testcase classname="com.fintech.tests.LoginTests" name="rememberMeSimulation" time="343.653"/>
  <testcase classname="com.fintech.tests.LoginTests" name="loginScenarios" time="523.566"/>
  <testcase classname="com.fintech.tests.LoginTests" name="loginScenarios" time="514.776"/>
  <testcase classname="com.fintech.tests.LoginTests" name="sessionTimeoutSimulation" time="47.313"/>
  <testcase classname="com.fintech.tests.LoginTests" name="passwordMasking" time="351.336">
    <error message="unknown error: net::ERR_CONNECTION_CLOSED
  (Session info: MicrosoftEdge=141.0.3537.85)
Build info: version: &#039;4.16.1&#039;, revision: &#039;9b4c83354e&#039;
System info: os.name: &#039;Windows 10&#039;, os.arch: &#039;amd64&#039;, os.version: &#039;10.0&#039;, java.version: &#039;21.0.7&#039;
Driver info: org.openqa.selenium.edge.EdgeDriver
Command: [9db82d139ebac4ca3a4aabc064a36b32, get {url=https://parabank.parasoft.com/parabank/index.htm}]
Capabilities {acceptInsecureCerts: false, browserName: MicrosoftEdge, browserVersion: 141.0.3537.85, fedcm:accounts: true, ms:edgeOptions: {debuggerAddress: localhost:62884}, msedge: {msedgedriverVersion: 141.0.3537.99 (1b2f83d6a142..., userDataDir: C:\Users\hp\AppData\Local\T...}, networkConnectionEnabled: false, pageLoadStrategy: normal, platformName: windows, proxy: Proxy(), se:cdp: ws://localhost:62884/devtoo..., se:cdpVersion: 141.0.3537.85, setWindowRect: true, strictFileInteractability: false, timeouts: {implicit: 0, pageLoad: 300000, script: 30000}, unhandledPromptBehavior: dismiss and notify, webauthn:extension:credBlob: true, webauthn:extension:largeBlob: true, webauthn:extension:minPinLength: true, webauthn:extension:prf: true, webauthn:virtualAuthenticators: true}
Session ID: 9db82d139ebac4ca3a4aabc064a36b32" type="org.openqa.selenium.WebDriverException">
      <![CDATA[org.openqa.selenium.WebDriverException: unknown error: net::ERR_CONNECTION_CLOSED
  (Session info: MicrosoftEdge=141.0.3537.85)
Build info: version: '4.16.1', revision: '9b4c83354e'
System info: os.name: 'Windows 10', os.arch: 'amd64', os.version: '10.0', java.version: '21.0.7'
Driver info: org.openqa.selenium.edge.EdgeDriver
Command: [9db82d139ebac4ca3a4aabc064a36b32, get {url=https://parabank.parasoft.com/parabank/index.htm}]
Capabilities {acceptInsecureCerts: false, browserName: MicrosoftEdge, browserVersion: 141.0.3537.85, fedcm:accounts: true, ms:edgeOptions: {debuggerAddress: localhost:62884}, msedge: {msedgedriverVersion: 141.0.3537.99 (1b2f83d6a142..., userDataDir: C:\Users\hp\AppData\Local\T...}, networkConnectionEnabled: false, pageLoadStrategy: normal, platformName: windows, proxy: Proxy(), se:cdp: ws://localhost:62884/devtoo..., se:cdpVersion: 141.0.3537.85, setWindowRect: true, strictFileInteractability: false, timeouts: {implicit: 0, pageLoad: 300000, script: 30000}, unhandledPromptBehavior: dismiss and notify, webauthn:extension:credBlob: true, webauthn:extension:largeBlob: true, webauthn:extension:minPinLength: true, webauthn:extension:prf: true, webauthn:virtualAuthenticators: true}
Session ID: 9db82d139ebac4ca3a4aabc064a36b32
at java.base/jdk.internal.reflect.DirectConstructorHandleAccessor.newInstance(DirectConstructorHandleAccessor.java:62)
at java.base/java.lang.reflect.Constructor.newInstanceWithCaller(Constructor.java:502)
at java.base/java.lang.reflect.Constructor.newInstance(Constructor.java:486)
at org.openqa.selenium.remote.codec.w3c.W3CHttpResponseCodec.createException(W3CHttpResponseCodec.java:200)
at org.openqa.selenium.remote.codec.w3c.W3CHttpResponseCodec.decode(W3CHttpResponseCodec.java:133)
at org.openqa.selenium.remote.codec.w3c.W3CHttpResponseCodec.decode(W3CHttpResponseCodec.java:52)
at org.openqa.selenium.remote.HttpCommandExecutor.execute(HttpCommandExecutor.java:191)
at org.openqa.selenium.remote.service.DriverCommandExecutor.invokeExecute(DriverCommandExecutor.java:200)
at org.openqa.selenium.remote.service.DriverCommandExecutor.execute(DriverCommandExecutor.java:175)
at org.openqa.selenium.remote.RemoteWebDriver.execute(RemoteWebDriver.java:523)
at org.openqa.selenium.remote.RemoteWebDriver.get(RemoteWebDriver.java:305)
at com.fintech.pages.BasePage.navigateTo(BasePage.java:27)
at com.fintech.pages.LoginPage.open(LoginPage.java:54)
at com.fintech.tests.LoginTests.passwordMasking(LoginTests.java:39)
at java.base/jdk.internal.reflect.DirectMethodHandleAccessor.invoke(DirectMethodHandleAccessor.java:103)
at java.base/java.lang.reflect.Method.invoke(Method.java:580)
at org.testng.internal.invokers.MethodInvocationHelper.invokeMethod(MethodInvocationHelper.java:141)
at org.testng.internal.invokers.TestInvoker.invokeMethod(TestInvoker.java:687)
at org.testng.internal.invokers.TestInvoker.invokeTestMethod(TestInvoker.java:230)
at org.testng.internal.invokers.MethodRunner.runInSequence(MethodRunner.java:63)
at org.testng.internal.invokers.TestInvoker$MethodInvocationAgent.invoke(TestInvoker.java:995)
at org.testng.internal.invokers.TestInvoker.invokeTestMethods(TestInvoker.java:203)
at org.testng.internal.invokers.TestMethodWorker.invokeTestMethods(TestMethodWorker.java:154)
at org.testng.internal.invokers.TestMethodWorker.run(TestMethodWorker.java:134)
at java.base/java.util.concurrent.Executors$RunnableAdapter.call(Executors.java:572)
at java.base/java.util.concurrent.FutureTask.run(FutureTask.java:317)
at org.testng.internal.thread.graph.TestNGFutureTask.run(TestNGFutureTask.java:22)
at java.base/java.util.concurrent.ThreadPoolExecutor.runWorker(ThreadPoolExecutor.java:1144)
at java.base/java.util.concurrent.ThreadPoolExecutor$Worker.run(ThreadPoolExecutor.java:642)
at java.base/java.lang.Thread.run(Thread.java:1583)
]]>
    </error>
  </testcase> <!-- passwordMasking -->
  <testcase classname="com.fintech.tests.LoginTests" name="loginScenarios" time="175.054"/>
  <testcase classname="com.fintech.tests.LoginTests" name="rememberMeSimulation" time="25.319"/>
  <testcase classname="com.fintech.tests.LoginTests" name="loginScenarios" time="43.000"/>
  <testcase classname="com.fintech.tests.LoginTests" name="loginScenarios" time="47.724"/>
  <testcase classname="com.fintech.tests.LoginTests" name="sessionTimeoutSimulation" time="79.273"/>
  <testcase classname="com.fintech.tests.LoginTests" name="loginScenarios" time="267.365"/>
  <testcase classname="com.fintech.tests.LoginTests" name="loginScenarios" time="175.552"/>
  <testcase classname="com.fintech.tests.LoginTests" name="loginScenarios" time="217.295"/>
  <testcase classname="com.fintech.tests.LoginTests" name="loginScenarios" time="172.264"/>
  <testcase classname="com.fintech.tests.LoginTests" name="loginScenarios" time="234.847"/>
</testsuite> <!-- com.fintech.tests.LoginTests -->
