<?xml version="1.0" encoding="UTF-8"?>
<!-- Generated by org.testng.reporters.JUnitReportReporter -->
<testsuite hostname="DESKTOP-QRQ79PJ" failures="0" tests="9" name="com.fintech.tests.NavigationUITests" time="31.355" errors="0" timestamp="2025-10-05T23:16:51 IST" skipped="0">
  <testcase classname="com.fintech.tests.NavigationUITests" name="topNavLinksLoadPages" time="2.736"/>
  <testcase classname="com.fintech.tests.NavigationUITests" name="topNavLinksLoadPages" time="3.062"/>
  <testcase classname="com.fintech.tests.NavigationUITests" name="topNavLinksLoadPages" time="2.897"/>
  <testcase classname="com.fintech.tests.NavigationUITests" name="verifyFontAndAlignment" time="0.145"/>
  <testcase classname="com.fintech.tests.NavigationUITests" name="validateAlertBoxContent" time="0.137"/>
  <testcase classname="com.fintech.tests.NavigationUITests" name="validateButtonsAreClickable" time="0.220"/>
  <testcase classname="com.fintech.tests.NavigationUITests" name="checkParaBankConnectivity" time="4.646"/>
  <testcase classname="com.fintech.tests.NavigationUITests" name="logoRedirectsHome" time="14.405"/>
  <testcase classname="com.fintech.tests.NavigationUITests" name="topNavLinksLoadPages" time="3.107"/>
</testsuite> <!-- com.fintech.tests.NavigationUITests -->
