<?xml version="1.0" encoding="UTF-8"?>
<!-- Generated by org.testng.reporters.JUnitReportReporter -->
<testsuite hostname="DESKTOP-QRQ79PJ" failures="0" tests="10" name="com.fintech.tests.TransferTests" time="320.325" errors="2" timestamp="2025-10-28T01:37:57 IST" skipped="8">
  <testcase classname="com.fintech.tests.TransferTests" name="validateFundsTransfer" time="36.038">
    <skipped/>
  </testcase> <!-- validateFundsTransfer -->
  <testcase classname="com.fintech.tests.TransferTests" name="validateFundsTransfer" time="71.656">
    <skipped/>
  </testcase> <!-- validateFundsTransfer -->
  <testcase classname="com.fintech.tests.TransferTests" name="validateFundsTransfer" time="46.182">
    <skipped/>
  </testcase> <!-- validateFundsTransfer -->
  <testcase classname="com.fintech.tests.TransferTests" name="validateFundsTransfer" time="32.884">
    <skipped/>
  </testcase> <!-- validateFundsTransfer -->
  <testcase classname="com.fintech.tests.TransferTests" name="validateFundsTransfer" time="51.956">
    <skipped/>
  </testcase> <!-- validateFundsTransfer -->
  <testcase classname="com.fintech.tests.TransferTests" name="setupAccountsOnce" time="24.627">
    <error message="Cannot invoke &quot;org.openqa.selenium.WebDriver.navigate()&quot; because &quot;this.driver&quot; is null" type="java.lang.NullPointerException">
      <![CDATA[java.lang.NullPointerException: Cannot invoke "org.openqa.selenium.WebDriver.navigate()" because "this.driver" is null
at com.fintech.tests.BaseTest.loginAsJohn(BaseTest.java:139)
at com.fintech.tests.TransferTests.setupAccountsOnce(TransferTests.java:26)
at java.base/jdk.internal.reflect.DirectMethodHandleAccessor.invoke(DirectMethodHandleAccessor.java:103)
at java.base/java.lang.reflect.Method.invoke(Method.java:580)
at org.testng.internal.invokers.MethodInvocationHelper.invokeMethod(MethodInvocationHelper.java:141)
at org.testng.internal.invokers.MethodInvocationHelper.invokeMethodConsideringTimeout(MethodInvocationHelper.java:71)
at org.testng.internal.invokers.ConfigInvoker.invokeConfigurationMethod(ConfigInvoker.java:400)
at org.testng.internal.invokers.ConfigInvoker.invokeConfigurations(ConfigInvoker.java:333)
at org.testng.internal.invokers.TestMethodWorker.invokeBeforeClassMethods(TestMethodWorker.java:188)
at org.testng.internal.invokers.TestMethodWorker.run(TestMethodWorker.java:128)
at java.base/java.util.ArrayList.forEach(ArrayList.java:1596)
at org.testng.TestRunner.privateRun(TestRunner.java:741)
at org.testng.TestRunner.run(TestRunner.java:616)
at org.testng.SuiteRunner.runTest(SuiteRunner.java:421)
at org.testng.SuiteRunner$SuiteWorker.run(SuiteRunner.java:463)
at org.testng.internal.thread.ThreadUtil.lambda$execute$0(ThreadUtil.java:64)
at java.base/java.util.concurrent.FutureTask.run(FutureTask.java:317)
at java.base/java.util.concurrent.ThreadPoolExecutor.runWorker(ThreadPoolExecutor.java:1144)
at java.base/java.util.concurrent.ThreadPoolExecutor$Worker.run(ThreadPoolExecutor.java:642)
at java.base/java.lang.Thread.run(Thread.java:1583)
]]>
    </error>
  </testcase> <!-- setupAccountsOnce -->
  <testcase classname="com.fintech.tests.TransferTests" name="validateSimpleTransferSuccess" time="0.000">
    <skipped/>
  </testcase> <!-- validateSimpleTransferSuccess -->
  <testcase classname="com.fintech.tests.TransferTests" name="validateSimpleTransferSuccess" time="16.684">
    <skipped/>
  </testcase> <!-- validateSimpleTransferSuccess -->
  <testcase classname="com.fintech.tests.TransferTests" name="setupAccountsOnce" time="40.298">
    <error message="Cannot invoke &quot;org.openqa.selenium.WebDriver.navigate()&quot; because &quot;this.driver&quot; is null" type="java.lang.NullPointerException">
      <![CDATA[java.lang.NullPointerException: Cannot invoke "org.openqa.selenium.WebDriver.navigate()" because "this.driver" is null
at com.fintech.tests.BaseTest.loginAsJohn(BaseTest.java:139)
at com.fintech.tests.TransferTests.setupAccountsOnce(TransferTests.java:26)
at java.base/jdk.internal.reflect.DirectMethodHandleAccessor.invoke(DirectMethodHandleAccessor.java:103)
at java.base/java.lang.reflect.Method.invoke(Method.java:580)
at org.testng.internal.invokers.MethodInvocationHelper.invokeMethod(MethodInvocationHelper.java:141)
at org.testng.internal.invokers.MethodInvocationHelper.invokeMethodConsideringTimeout(MethodInvocationHelper.java:71)
at org.testng.internal.invokers.ConfigInvoker.invokeConfigurationMethod(ConfigInvoker.java:400)
at org.testng.internal.invokers.ConfigInvoker.invokeConfigurations(ConfigInvoker.java:333)
at org.testng.internal.invokers.TestMethodWorker.invokeBeforeClassMethods(TestMethodWorker.java:188)
at org.testng.internal.invokers.TestMethodWorker.run(TestMethodWorker.java:128)
at java.base/java.util.ArrayList.forEach(ArrayList.java:1596)
at org.testng.TestRunner.privateRun(TestRunner.java:741)
at org.testng.TestRunner.run(TestRunner.java:616)
at org.testng.SuiteRunner.runTest(SuiteRunner.java:421)
at org.testng.SuiteRunner$SuiteWorker.run(SuiteRunner.java:463)
at org.testng.internal.thread.ThreadUtil.lambda$execute$0(ThreadUtil.java:64)
at java.base/java.util.concurrent.FutureTask.run(FutureTask.java:317)
at java.base/java.util.concurrent.ThreadPoolExecutor.runWorker(ThreadPoolExecutor.java:1144)
at java.base/java.util.concurrent.ThreadPoolExecutor$Worker.run(ThreadPoolExecutor.java:642)
at java.base/java.lang.Thread.run(Thread.java:1583)
]]>
    </error>
  </testcase> <!-- setupAccountsOnce -->
  <testcase classname="com.fintech.tests.TransferTests" name="validateFundsTransfer" time="0.000">
    <skipped/>
  </testcase> <!-- validateFundsTransfer -->
</testsuite> <!-- com.fintech.tests.TransferTests -->
