<?xml version="1.0" encoding="UTF-8"?>
<!-- Generated by org.testng.reporters.JUnitReportReporter -->
<testsuite hostname="DESKTOP-QRQ79PJ" failures="0" tests="16" name="com.fintech.tests.LoginTests" time="593.549" errors="0" timestamp="2025-10-28T01:37:55 IST" skipped="0">
  <testcase classname="com.fintech.tests.LoginTests" name="loginScenarios" time="33.328"/>
  <testcase classname="com.fintech.tests.LoginTests" name="loginScenarios" time="35.532"/>
  <testcase classname="com.fintech.tests.LoginTests" name="sessionTimeoutSimulation" time="46.346"/>
  <testcase classname="com.fintech.tests.LoginTests" name="rememberMeSimulation" time="49.031"/>
  <testcase classname="com.fintech.tests.LoginTests" name="loginScenarios" time="31.014"/>
  <testcase classname="com.fintech.tests.LoginTests" name="loginScenarios" time="37.062"/>
  <testcase classname="com.fintech.tests.LoginTests" name="loginScenarios" time="32.301"/>
  <testcase classname="com.fintech.tests.LoginTests" name="loginScenarios" time="55.021"/>
  <testcase classname="com.fintech.tests.LoginTests" name="loginScenarios" time="41.061"/>
  <testcase classname="com.fintech.tests.LoginTests" name="loginScenarios" time="38.015"/>
  <testcase classname="com.fintech.tests.LoginTests" name="passwordMasking" time="19.701"/>
  <testcase classname="com.fintech.tests.LoginTests" name="rememberMeSimulation" time="39.200"/>
  <testcase classname="com.fintech.tests.LoginTests" name="sessionTimeoutSimulation" time="56.337"/>
  <testcase classname="com.fintech.tests.LoginTests" name="passwordMasking" time="18.653"/>
  <testcase classname="com.fintech.tests.LoginTests" name="loginScenarios" time="30.430"/>
  <testcase classname="com.fintech.tests.LoginTests" name="loginScenarios" time="30.517"/>
</testsuite> <!-- com.fintech.tests.LoginTests -->
