<?xml version="1.0" encoding="UTF-8"?>
<!-- Generated by org.testng.reporters.JUnitReportReporter -->
<testsuite hostname="DESKTOP-QRQ79PJ" failures="0" tests="6" name="com.fintech.tests.LoanTests" time="575.634" errors="0" timestamp="2025-10-27T11:04:13 IST" skipped="6">
  <testcase classname="com.fintech.tests.LoanTests" name="testLoanTyping" time="94.649">
    <skipped/>
  </testcase> <!-- testLoanTyping -->
  <testcase classname="com.fintech.tests.LoanTests" name="testLoanTyping" time="22.458">
    <skipped/>
  </testcase> <!-- testLoanTyping -->
  <testcase classname="com.fintech.tests.LoanTests" name="submitValidLoanRequest" time="314.413">
    <skipped/>
  </testcase> <!-- submitValidLoanRequest -->
  <testcase classname="com.fintech.tests.LoanTests" name="submitValidLoanRequest" time="9.143">
    <skipped/>
  </testcase> <!-- submitValidLoanRequest -->
  <testcase classname="com.fintech.tests.LoanTests" name="applyLoan" time="9.912">
    <skipped/>
  </testcase> <!-- applyLoan -->
  <testcase classname="com.fintech.tests.LoanTests" name="applyLoan" time="125.059">
    <skipped/>
  </testcase> <!-- applyLoan -->
</testsuite> <!-- com.fintech.tests.LoanTests -->
