<?xml version="1.0" encoding="UTF-8"?>
<!-- Generated by org.testng.reporters.JUnitReportReporter -->
<testsuite hostname="DESKTOP-QRQ79PJ" failures="0" tests="18" name="com.fintech.tests.NavigationUITests" time="2541.221" errors="0" timestamp="2025-10-27T11:04:14 IST" skipped="0">
  <testcase classname="com.fintech.tests.NavigationUITests" name="topNavLinksLoadPages" time="21.959"/>
  <testcase classname="com.fintech.tests.NavigationUITests" name="topNavLinksLoadPages" time="226.204"/>
  <testcase classname="com.fintech.tests.NavigationUITests" name="validateButtonsAreClickable" time="364.012"/>
  <testcase classname="com.fintech.tests.NavigationUITests" name="topNavLinksLoadPages" time="72.261"/>
  <testcase classname="com.fintech.tests.NavigationUITests" name="verifyFontAndAlignment" time="460.433"/>
  <testcase classname="com.fintech.tests.NavigationUITests" name="checkParaBankConnectivity" time="247.270"/>
  <testcase classname="com.fintech.tests.NavigationUITests" name="logoRedirectsHome" time="335.251"/>
  <testcase classname="com.fintech.tests.NavigationUITests" name="topNavLinksLoadPages" time="139.983"/>
  <testcase classname="com.fintech.tests.NavigationUITests" name="topNavLinksLoadPages" time="345.382"/>
  <testcase classname="com.fintech.tests.NavigationUITests" name="validateAlertBoxContent" time="23.982"/>
  <testcase classname="com.fintech.tests.NavigationUITests" name="validateAlertBoxContent" time="109.852"/>
  <testcase classname="com.fintech.tests.NavigationUITests" name="checkParaBankConnectivity" time="23.577"/>
  <testcase classname="com.fintech.tests.NavigationUITests" name="topNavLinksLoadPages" time="57.371"/>
  <testcase classname="com.fintech.tests.NavigationUITests" name="topNavLinksLoadPages" time="30.034"/>
  <testcase classname="com.fintech.tests.NavigationUITests" name="validateButtonsAreClickable" time="25.364"/>
  <testcase classname="com.fintech.tests.NavigationUITests" name="logoRedirectsHome" time="15.409"/>
  <testcase classname="com.fintech.tests.NavigationUITests" name="topNavLinksLoadPages" time="31.335"/>
  <testcase classname="com.fintech.tests.NavigationUITests" name="verifyFontAndAlignment" time="11.542"/>
</testsuite> <!-- com.fintech.tests.NavigationUITests -->
