<?xml version="1.0" encoding="UTF-8"?>
<!-- Generated by org.testng.reporters.JUnitReportReporter -->
<testsuite hostname="DESKTOP-QRQ79PJ" failures="0" tests="6" name="com.fintech.tests.LoanTests" time="256.775" errors="0" timestamp="2025-10-28T01:37:57 IST" skipped="6">
  <testcase classname="com.fintech.tests.LoanTests" name="testLoanTyping" time="49.492">
    <skipped/>
  </testcase> <!-- testLoanTyping -->
  <testcase classname="com.fintech.tests.LoanTests" name="testLoanTyping" time="35.699">
    <skipped/>
  </testcase> <!-- testLoanTyping -->
  <testcase classname="com.fintech.tests.LoanTests" name="submitValidLoanRequest" time="65.429">
    <skipped/>
  </testcase> <!-- submitValidLoanRequest -->
  <testcase classname="com.fintech.tests.LoanTests" name="submitValidLoanRequest" time="34.296">
    <skipped/>
  </testcase> <!-- submitValidLoanRequest -->
  <testcase classname="com.fintech.tests.LoanTests" name="applyLoan" time="19.470">
    <skipped/>
  </testcase> <!-- applyLoan -->
  <testcase classname="com.fintech.tests.LoanTests" name="applyLoan" time="52.389">
    <skipped/>
  </testcase> <!-- applyLoan -->
</testsuite> <!-- com.fintech.tests.LoanTests -->
