<?xml version="1.0" encoding="UTF-8"?>
<!-- Generated by org.testng.reporters.JUnitReportReporter -->
<testsuite hostname="DESKTOP-QRQ79PJ" failures="0" tests="16" name="com.fintech.tests.AuthTests" time="1296.309" errors="0" timestamp="2025-10-28T01:37:57 IST" skipped="0">
  <testcase classname="com.fintech.tests.AuthTests" name="loginWithExcelData" time="60.607"/>
  <testcase classname="com.fintech.tests.AuthTests" name="loginWithExcelData" time="33.337"/>
  <testcase classname="com.fintech.tests.AuthTests" name="loginWithExcelData" time="38.009"/>
  <testcase classname="com.fintech.tests.AuthTests" name="loginWithExcelData" time="35.148"/>
  <testcase classname="com.fintech.tests.AuthTests" name="logoutAfterLogin" time="31.368"/>
  <testcase classname="com.fintech.tests.AuthTests" name="loginWithExcelData" time="27.414"/>
  <testcase classname="com.fintech.tests.AuthTests" name="loginWithExcelData" time="27.960"/>
  <testcase classname="com.fintech.tests.AuthTests" name="logoutAfterLogin" time="47.771"/>
  <testcase classname="com.fintech.tests.AuthTests" name="loginWithExcelData" time="57.711"/>
  <testcase classname="com.fintech.tests.AuthTests" name="logoutAfterLogin" time="36.678"/>
  <testcase classname="com.fintech.tests.AuthTests" name="sessionTimeoutSimulation" time="379.835"/>
  <testcase classname="com.fintech.tests.AuthTests" name="logoutAfterLogin" time="62.562"/>
  <testcase classname="com.fintech.tests.AuthTests" name="sessionTimeoutSimulation" time="323.806"/>
  <testcase classname="com.fintech.tests.AuthTests" name="loginWithExcelData" time="61.181"/>
  <testcase classname="com.fintech.tests.AuthTests" name="logoutAfterLogin" time="30.681"/>
  <testcase classname="com.fintech.tests.AuthTests" name="logoutAfterLogin" time="42.241"/>
</testsuite> <!-- com.fintech.tests.AuthTests -->
